2020-10-07 09:02:51,567 - Log4JLogChute initialized using file 'velocity.log'
2020-10-07 09:02:51,568 - Initializing Velocity, Calling init()...
2020-10-07 09:02:51,568 - Starting Apache Velocity v1.7 (compiled: 2010-11-19 12:14:37)
2020-10-07 09:02:51,568 - Default Properties File: org\apache\velocity\runtime\defaults\velocity.properties
2020-10-07 09:02:51,568 - Trying to use logger class org.apache.velocity.runtime.log.AvalonLogChute
2020-10-07 09:02:51,568 - Target log system for org.apache.velocity.runtime.log.AvalonLogChute is not available (java.lang.NoClassDefFoundError: org/apache/log/format/Formatter).  Falling back to next log system...
2020-10-07 09:02:51,568 - Trying to use logger class org.apache.velocity.runtime.log.Log4JLogChute
2020-10-07 09:02:51,568 - Using logger class org.apache.velocity.runtime.log.Log4JLogChute
2020-10-07 09:02:51,575 - ResourceLoader instantiated: org.apache.velocity.runtime.resource.loader.ClasspathResourceLoader
2020-10-07 09:02:51,596 - ResourceCache: initialized (class org.apache.velocity.runtime.resource.ResourceCacheImpl) with class java.util.Collections$SynchronizedMap cache map.
2020-10-07 09:02:51,598 - Loaded System Directive: org.apache.velocity.runtime.directive.Stop
2020-10-07 09:02:51,599 - Loaded System Directive: org.apache.velocity.runtime.directive.Define
2020-10-07 09:02:51,600 - Loaded System Directive: org.apache.velocity.runtime.directive.Break
2020-10-07 09:02:51,602 - Loaded System Directive: org.apache.velocity.runtime.directive.Evaluate
2020-10-07 09:02:51,603 - Loaded System Directive: org.apache.velocity.runtime.directive.Literal
2020-10-07 09:02:51,604 - Loaded System Directive: org.apache.velocity.runtime.directive.Macro
2020-10-07 09:02:51,606 - Loaded System Directive: org.apache.velocity.runtime.directive.Parse
2020-10-07 09:02:51,610 - Loaded System Directive: org.apache.velocity.runtime.directive.Include
2020-10-07 09:02:51,611 - Loaded System Directive: org.apache.velocity.runtime.directive.Foreach
2020-10-07 09:02:51,661 - Created '20' parsers.
2020-10-07 09:02:51,669 - Velocimacro : "velocimacro.library" is not set.  Trying default library: VM_global_library.vm
2020-10-07 09:02:51,669 - Could not load resource 'VM_global_library.vm' from ResourceLoader org.apache.velocity.runtime.resource.loader.ClasspathResourceLoader: ClasspathResourceLoader Error: cannot find resource VM_global_library.vm
2020-10-07 09:02:51,669 - Velocimacro : Default library not found.
2020-10-07 09:02:51,669 - Velocimacro : allowInline = true : VMs can be defined inline in templates
2020-10-07 09:02:51,669 - Velocimacro : allowInlineToOverride = false : VMs defined inline may NOT replace previous VM definitions
2020-10-07 09:02:51,669 - Velocimacro : allowInlineLocal = false : VMs defined inline will be global in scope if allowed.
2020-10-07 09:02:51,670 - Velocimacro : autoload off : VM system will not automatically reload global library macros
2020-10-07 09:02:51,709 - ResourceManager : found /templates/entity.java.vm with loader org.apache.velocity.runtime.resource.loader.ClasspathResourceLoader
2020-10-07 09:02:51,723 - Left side (${versionFieldName}) of '==' operation has null value. If it is a reference, it may not be in the context or its toString() returned null. /templates/entity.java.vm[line 76, column 26]
2020-10-07 09:02:51,724 - Left side (${logicDeleteFieldName}) of '==' operation has null value. If it is a reference, it may not be in the context or its toString() returned null. /templates/entity.java.vm[line 80, column 30]
2020-10-07 09:02:51,724 - Left side (${versionFieldName}) of '==' operation has null value. If it is a reference, it may not be in the context or its toString() returned null. /templates/entity.java.vm[line 76, column 26]
2020-10-07 09:02:51,724 - Left side (${logicDeleteFieldName}) of '==' operation has null value. If it is a reference, it may not be in the context or its toString() returned null. /templates/entity.java.vm[line 80, column 30]
2020-10-07 09:02:51,724 - Left side (${versionFieldName}) of '==' operation has null value. If it is a reference, it may not be in the context or its toString() returned null. /templates/entity.java.vm[line 76, column 26]
2020-10-07 09:02:51,724 - Left side (${logicDeleteFieldName}) of '==' operation has null value. If it is a reference, it may not be in the context or its toString() returned null. /templates/entity.java.vm[line 80, column 30]
2020-10-07 09:02:51,724 - Left side (${versionFieldName}) of '==' operation has null value. If it is a reference, it may not be in the context or its toString() returned null. /templates/entity.java.vm[line 76, column 26]
2020-10-07 09:02:51,724 - Left side (${logicDeleteFieldName}) of '==' operation has null value. If it is a reference, it may not be in the context or its toString() returned null. /templates/entity.java.vm[line 80, column 30]
2020-10-07 09:02:51,725 - Left side (${versionFieldName}) of '==' operation has null value. If it is a reference, it may not be in the context or its toString() returned null. /templates/entity.java.vm[line 76, column 26]
2020-10-07 09:02:51,725 - Left side (${logicDeleteFieldName}) of '==' operation has null value. If it is a reference, it may not be in the context or its toString() returned null. /templates/entity.java.vm[line 80, column 30]
2020-10-07 09:02:51,725 - Left side (${versionFieldName}) of '==' operation has null value. If it is a reference, it may not be in the context or its toString() returned null. /templates/entity.java.vm[line 76, column 26]
2020-10-07 09:02:51,725 - Left side (${logicDeleteFieldName}) of '==' operation has null value. If it is a reference, it may not be in the context or its toString() returned null. /templates/entity.java.vm[line 80, column 30]
2020-10-07 09:02:51,725 - Left side (${versionFieldName}) of '==' operation has null value. If it is a reference, it may not be in the context or its toString() returned null. /templates/entity.java.vm[line 76, column 26]
2020-10-07 09:02:51,728 - Left side (${logicDeleteFieldName}) of '==' operation has null value. If it is a reference, it may not be in the context or its toString() returned null. /templates/entity.java.vm[line 80, column 30]
2020-10-07 09:02:51,730 - Left side (${versionFieldName}) of '==' operation has null value. If it is a reference, it may not be in the context or its toString() returned null. /templates/entity.java.vm[line 76, column 26]
2020-10-07 09:02:51,730 - Left side (${logicDeleteFieldName}) of '==' operation has null value. If it is a reference, it may not be in the context or its toString() returned null. /templates/entity.java.vm[line 80, column 30]
2020-10-07 09:02:51,730 - Left side (${versionFieldName}) of '==' operation has null value. If it is a reference, it may not be in the context or its toString() returned null. /templates/entity.java.vm[line 76, column 26]
2020-10-07 09:02:51,730 - Left side (${logicDeleteFieldName}) of '==' operation has null value. If it is a reference, it may not be in the context or its toString() returned null. /templates/entity.java.vm[line 80, column 30]
2020-10-07 09:02:51,730 - Left side (${versionFieldName}) of '==' operation has null value. If it is a reference, it may not be in the context or its toString() returned null. /templates/entity.java.vm[line 76, column 26]
2020-10-07 09:02:51,730 - Left side (${logicDeleteFieldName}) of '==' operation has null value. If it is a reference, it may not be in the context or its toString() returned null. /templates/entity.java.vm[line 80, column 30]
2020-10-07 09:02:51,730 - Left side (${versionFieldName}) of '==' operation has null value. If it is a reference, it may not be in the context or its toString() returned null. /templates/entity.java.vm[line 76, column 26]
2020-10-07 09:02:51,730 - Left side (${logicDeleteFieldName}) of '==' operation has null value. If it is a reference, it may not be in the context or its toString() returned null. /templates/entity.java.vm[line 80, column 30]
2020-10-07 09:02:51,731 - Left side (${versionFieldName}) of '==' operation has null value. If it is a reference, it may not be in the context or its toString() returned null. /templates/entity.java.vm[line 76, column 26]
2020-10-07 09:02:51,731 - Left side (${logicDeleteFieldName}) of '==' operation has null value. If it is a reference, it may not be in the context or its toString() returned null. /templates/entity.java.vm[line 80, column 30]
2020-10-07 09:02:51,746 - ResourceManager : found /templates/mapper.java.vm with loader org.apache.velocity.runtime.resource.loader.ClasspathResourceLoader
2020-10-07 09:02:51,751 - ResourceManager : found /templates/mapper.xml.vm with loader org.apache.velocity.runtime.resource.loader.ClasspathResourceLoader
2020-10-07 09:02:51,755 - ResourceManager : found /templates/service.java.vm with loader org.apache.velocity.runtime.resource.loader.ClasspathResourceLoader
2020-10-07 09:02:51,759 - ResourceManager : found /templates/serviceImpl.java.vm with loader org.apache.velocity.runtime.resource.loader.ClasspathResourceLoader
2020-10-07 09:02:51,764 - ResourceManager : found /templates/controller.java.vm with loader org.apache.velocity.runtime.resource.loader.ClasspathResourceLoader
